2025-10-25 21:59:31 [INFO] === 初始化程序 ===
2025-10-25 21:59:31 [INFO] Excel表头校验通过，状态列位于第17列（Q列）
2025-10-25 21:59:31 [INFO] Excel状态列初始化完成，所有未处理行已设为「待执行」
2025-10-25 21:59:31 [INFO] 
=== 开始循环检测（每60秒一次）===
2025-10-25 21:59:31 [INFO] === 按 Ctrl+C 可停止程序 ===
2025-10-25 21:59:31 [INFO] 
==================================================
2025-10-25 21:59:31 [INFO] 开始新一轮检测任务
2025-10-25 21:59:31 [INFO] ==================================================
2025-10-25 21:59:31 [INFO] 
--- 处理第2行任务 ---
2025-10-25 21:59:31 [INFO] 第2行状态为「已完成」，跳过处理
2025-10-25 21:59:31 [INFO] 
--- 处理第3行任务 ---
2025-10-25 21:59:31 [INFO] 第3行驾照编号[133157441]已存在成功预约，标记为「已有其他时间完成」
2025-10-25 21:59:31 [INFO] 第3行状态已更新为：「已有其他时间完成」
2025-10-25 21:59:31 [INFO] 
--- 处理第4行任务 ---
2025-10-25 21:59:31 [INFO] 第4行驾照编号[133157441]已存在成功预约，标记为「已有其他时间完成」
2025-10-25 21:59:31 [INFO] 第4行状态已更新为：「已有其他时间完成」
2025-10-25 21:59:31 [INFO] 
--- 处理第5行任务 ---
2025-10-25 21:59:31 [INFO] 第5行驾照编号[133157441]已存在成功预约，标记为「已有其他时间完成」
2025-10-25 21:59:31 [INFO] 第5行状态已更新为：「已有其他时间完成」
2025-10-25 21:59:31 [INFO] 
--- 处理第6行任务 ---
2025-10-25 21:59:31 [INFO] 第6行驾照编号[133157441]已存在成功预约，标记为「已有其他时间完成」
2025-10-25 21:59:31 [INFO] 第6行状态已更新为：「已有其他时间完成」
2025-10-25 21:59:31 [INFO] 本轮检测任务完成
2025-10-25 21:59:31 [INFO] 
等待60秒后进行下一轮检测...

2025-10-25 21:59:54 [INFO] 
=== 用户中断程序 ===
2025-10-25 21:59:54 [INFO] 程序已停止运行
2025-10-25 21:59:57 [INFO] === 初始化程序 ===
2025-10-25 21:59:57 [INFO] Excel表头校验通过，状态列位于第17列（Q列）
2025-10-25 21:59:57 [INFO] Excel状态列初始化完成，所有未处理行已设为「待执行」
2025-10-25 21:59:57 [INFO] 
=== 开始循环检测（每60秒一次）===
2025-10-25 21:59:57 [INFO] === 按 Ctrl+C 可停止程序 ===
2025-10-25 21:59:57 [INFO] 
==================================================
2025-10-25 21:59:57 [INFO] 开始新一轮检测任务
2025-10-25 21:59:57 [INFO] ==================================================
2025-10-25 21:59:57 [INFO] 
--- 处理第2行任务 ---
2025-10-25 21:59:57 [INFO] 第2行状态已更新为：「执行中」
2025-10-25 21:59:57 [INFO] 执行检测（日期：2025-12-13~2025-12-30，时间：08:30:00~15:30:00）
2025-10-25 22:00:04 [INFO] 已启动隐藏自动化特征的浏览器，正在访问网站...
2025-10-25 22:00:14 [INFO] 已输入驾照编号
2025-10-25 22:00:15 [INFO] 已输入联系人姓名
2025-10-25 22:00:15 [INFO] 已输入手机号
2025-10-25 22:00:16 [INFO] 考试类型选择成功！
2025-10-25 22:00:25 [INFO] 地区选择成功！
2025-10-25 22:00:28 [INFO] 考试中心选择成功！
2025-10-25 22:00:31 [INFO] 
等待预约时间表格加载...
2025-10-25 22:00:35 [INFO] 
最早可用时段：Wednesday, 17 December 2025 1:55 PM
2025-10-25 22:00:35 [INFO] 已选择最早时段：Wednesday, 17 December 2025 1:55 PM
2025-10-25 22:00:42 [INFO] 已输入邮箱
2025-10-25 22:01:02 [INFO] 已填写付款信息，准备提交付款
2025-10-25 22:01:02 [INFO] 已点击付款审核按钮，等待付款结果...
2025-10-25 22:01:19 [ERROR] 付款流程异常：Message: 
Stacktrace:
	GetHandleVerifier [0x0x75fe43+66515]
	GetHandleVerifier [0x0x75fe84+66580]
	(No symbol) [0x0x54dc48]
	(No symbol) [0x0x598704]
	(No symbol) [0x0x598aab]
	(No symbol) [0x0x5df482]
	(No symbol) [0x0x5bb214]
	(No symbol) [0x0x5dcba7]
	(No symbol) [0x0x5bafc6]
	(No symbol) [0x0x58c2ca]
	(No symbol) [0x0x58d154]
	GetHandleVerifier [0x0x9b7353+2521315]
	GetHandleVerifier [0x0x9b22d3+2500707]
	GetHandleVerifier [0x0x787c94+229924]
	GetHandleVerifier [0x0x7781f8+165768]
	GetHandleVerifier [0x0x77ecad+193085]
	GetHandleVerifier [0x0x768158+100072]
	GetHandleVerifier [0x0x7682f0+100480]
	GetHandleVerifier [0x0x7525aa+11066]
	BaseThreadInitThunk [0x0x768dfcc9+25]
	RtlGetAppContainerNamedObjectPath [0x0x77a882ae+286]
	RtlGetAppContainerNamedObjectPath [0x0x77a8827e+238]

2025-10-25 22:01:19 [ERROR] 未明确获取付款失败原因，视为付款未完成
2025-10-25 22:01:25 [INFO] 第2行状态已更新为：「执行失败」
2025-10-25 22:01:25 [INFO] 
--- 处理第3行任务 ---
2025-10-25 22:01:25 [INFO] 第3行状态为「已完成」，跳过处理
2025-10-25 22:01:25 [INFO] 
--- 处理第4行任务 ---
2025-10-25 22:01:25 [INFO] 第4行驾照编号[133157441]已存在成功预约，标记为「已有其他时间完成」
2025-10-25 22:01:25 [INFO] 第4行状态已更新为：「已有其他时间完成」
2025-10-25 22:01:25 [INFO] 
--- 处理第5行任务 ---
2025-10-25 22:01:25 [INFO] 第5行驾照编号[133157441]已存在成功预约，标记为「已有其他时间完成」
2025-10-25 22:01:25 [INFO] 第5行状态已更新为：「已有其他时间完成」
2025-10-25 22:01:25 [INFO] 
--- 处理第6行任务 ---
2025-10-25 22:01:25 [INFO] 第6行驾照编号[133157441]已存在成功预约，标记为「已有其他时间完成」
2025-10-25 22:01:25 [INFO] 第6行状态已更新为：「已有其他时间完成」
2025-10-25 22:01:25 [INFO] 本轮检测任务完成
2025-10-25 22:01:25 [INFO] 
等待60秒后进行下一轮检测...

